[debug] [2022-02-06T07:51:29.149Z] ----------------------------------------------------------------------
[debug] [2022-02-06T07:51:29.151Z] Command:       C:\Program Files\nodejs\node.exe C:\Users\user\AppData\Roaming\npm\node_modules\firebase-tools\lib\bin\firebase.js init
[debug] [2022-02-06T07:51:29.151Z] CLI Version:   10.1.4
[debug] [2022-02-06T07:51:29.152Z] Platform:      win32
[debug] [2022-02-06T07:51:29.152Z] Node Version:  v14.17.3
[debug] [2022-02-06T07:51:29.152Z] Time:          Sun Feb 06 2022 13:51:29 GMT+0600 (Bangladesh Standard Time)
[debug] [2022-02-06T07:51:29.153Z] ----------------------------------------------------------------------
[debug] 
[debug] [2022-02-06T07:51:29.158Z] > command requires scopes: ["email","openid","https://www.googleapis.com/auth/cloudplatformprojects.readonly","https://www.googleapis.com/auth/firebase","https://www.googleapis.com/auth/cloud-platform"]
[debug] [2022-02-06T07:51:29.159Z] > authorizing via signed-in user (mdhannan.info@gmail.com)
[info] 
     ######## #### ########  ######## ########     ###     ######  ########
     ##        ##  ##     ## ##       ##     ##  ##   ##  ##       ##
     ######    ##  ########  ######   ########  #########  ######  ######
     ##        ##  ##    ##  ##       ##     ## ##     ##       ## ##
     ##       #### ##     ## ######## ########  ##     ##  ######  ########

You're about to initialize a Firebase project in this directory:

  D:\laragon\www\fb-messenger

[info] 
=== Project Setup
[info] 
[info] First, let's associate this project directory with a Firebase project.
[info] You can create multiple project aliases by running firebase use --add, 
[info] but for now we'll just set up a default project.
[info] 
[debug] [2022-02-06T07:55:32.432Z] >>> [apiv2][query] GET https://firebase.googleapis.com/v1beta1/projects pageSize=100
[debug] [2022-02-06T07:55:33.243Z] <<< [apiv2][status] GET https://firebase.googleapis.com/v1beta1/projects 200
[debug] [2022-02-06T07:55:33.244Z] <<< [apiv2][body] GET https://firebase.googleapis.com/v1beta1/projects [omitted]
[info] i  Using project fb-messenger-clone-a52d9 (fb-messenger-clone) 
[info] 
=== Hosting Setup
[info] 
[info] Your public directory is the folder (relative to your project directory) that
[info] will contain Hosting assets to be uploaded with firebase deploy. If you
[info] have a build process for your assets, use your build's output directory.
[info] 
[debug] [2022-02-06T07:57:07.421Z] >>> [apiv2][query] GET https://www.gstatic.com/firebasejs/releases.json [none]
[debug] [2022-02-06T07:57:07.629Z] <<< [apiv2][status] GET https://www.gstatic.com/firebasejs/releases.json 200
[debug] [2022-02-06T07:57:07.630Z] <<< [apiv2][body] GET https://www.gstatic.com/firebasejs/releases.json {"current":{"version":"9.6.6","browserURL":"https://www.gstatic.com/firebasejs/9.6.6/firebase.js","packageURL":"https://www.gstatic.com/firebasejs/9.6.6/firebase.tgz"},"live":{"version":"9.6","browserURL":"https://www.gstatic.com/firebasejs/live/9.6/firebase.js","packageURL":"https://www.gstatic.com/firebasejs/live/9.6/firebase.tgz"},"components":{"analytics":"https://www.gstatic.com/firebasejs/9.6.6/firebase-analytics.js","app":"https://www.gstatic.com/firebasejs/9.6.6/firebase-app.js","app-check":"https://www.gstatic.com/firebasejs/9.6.6/firebase-app-check.js","auth":"https://www.gstatic.com/firebasejs/9.6.6/firebase-auth.js","auth/cordova":"https://www.gstatic.com/firebasejs/9.6.6/firebase-auth/cordova.js","auth/react-native":"https://www.gstatic.com/firebasejs/9.6.6/firebase-auth/react-native.js","functions":"https://www.gstatic.com/firebasejs/9.6.6/firebase-functions.js","firestore":"https://www.gstatic.com/firebasejs/9.6.6/firebase-firestore.js","firestore/lite":"https://www.gstatic.com/firebasejs/9.6.6/firebase-firestore/lite.js","storage":"https://www.gstatic.com/firebasejs/9.6.6/firebase-storage.js","performance":"https://www.gstatic.com/firebasejs/9.6.6/firebase-performance.js","remote-config":"https://www.gstatic.com/firebasejs/9.6.6/firebase-remote-config.js","messaging":"https://www.gstatic.com/firebasejs/9.6.6/firebase-messaging.js","messaging/sw":"https://www.gstatic.com/firebasejs/9.6.6/firebase-messaging/sw.js","database":"https://www.gstatic.com/firebasejs/9.6.6/firebase-database.js","firestore.memory":"https://www.gstatic.com/firebasejs/9.6.6/firebase-firestore.memory.js"}}
[info] +  Wrote build/index.html 
[info] 
[info] i  Detected a .git folder at D:\laragon\www\fb-messenger 
[info] i  Authorizing with GitHub to upload your service account to a GitHub repository's secrets store. 
[info] 
[info] Visit this URL on this device to log in:
[info] https://github.com/login/oauth/authorize?client_id=89cf50f02ac6aaed3484&state=396456177&redirect_uri=http%3A%2F%2Flocalhost%3A9005&scope=read%3Auser%20repo%20public_repo
[info] 
[info] Waiting for authentication...
[debug] [2022-02-06T07:57:53.536Z] >>> HTTP REQUEST POST https://github.com/login/oauth/access_token  
 {"client_id":"89cf50f02ac6aaed3484","client_secret":"3330d14abc895d9a74d5f17cd7a00711fa2c5bf0","code":"3ed34a3b4430a653b6b3","redirect_uri":"http://localhost:9005","state":"396456177"}
[debug] [2022-02-06T07:57:54.089Z] <<< HTTP RESPONSE 200 {"server":"GitHub.com","date":"Sun, 06 Feb 2022 07:58:34 GMT","content-type":"application/json; charset=utf-8","transfer-encoding":"chunked","vary":"X-PJAX, X-PJAX-Container, Accept-Encoding, Accept, X-Requested-With","permissions-policy":"interest-cohort=()","etag":"W/\"928c9c997cfcac5d57bdb7455e548713\"","cache-control":"max-age=0, private, must-revalidate","strict-transport-security":"max-age=31536000; includeSubdomains; preload","x-frame-options":"deny","x-content-type-options":"nosniff","x-xss-protection":"0","referrer-policy":"origin-when-cross-origin, strict-origin-when-cross-origin","expect-ct":"max-age=2592000, report-uri=\"https://api.github.com/_private/browser/errors\"","content-security-policy":"default-src 'none'; base-uri 'self'; block-all-mixed-content; child-src github.com/assets-cdn/worker/ gist.github.com/assets-cdn/worker/; connect-src 'self' uploads.github.com objects-origin.githubusercontent.com www.githubstatus.com collector.githubapp.com collector.github.com api.github.com github-cloud.s3.amazonaws.com github-production-repository-file-5c1aeb.s3.amazonaws.com github-production-upload-manifest-file-7fdce7.s3.amazonaws.com github-production-user-asset-6210df.s3.amazonaws.com cdn.optimizely.com logx.optimizely.com/v1/events translator.github.com wss://alive.github.com; font-src github.githubassets.com; form-action 'self' github.com gist.github.com objects-origin.githubusercontent.com; frame-ancestors 'none'; frame-src render.githubusercontent.com viewscreen.githubusercontent.com notebooks.githubusercontent.com; img-src 'self' data: github.githubassets.com identicons.github.com collector.githubapp.com collector.github.com github-cloud.s3.amazonaws.com secured-user-images.githubusercontent.com/ *.githubusercontent.com; manifest-src 'self'; media-src github.com user-images.githubusercontent.com/; script-src github.githubassets.com; style-src 'unsafe-inline' github.githubassets.com; worker-src github.com/assets-cdn/worker/ gist.github.com/assets-cdn/worker/","x-github-request-id":"F10E:3A4C:122D50C:193213E:61FF7FAA"}
[debug] [2022-02-06T07:57:54.095Z] >>> [apiv2][query] GET https://api.github.com/user [none]
[debug] [2022-02-06T07:57:54.664Z] <<< [apiv2][status] GET https://api.github.com/user 200
[debug] [2022-02-06T07:57:54.664Z] <<< [apiv2][body] GET https://api.github.com/user {"login":"mhannan-dev","id":19702064,"node_id":"MDQ6VXNlcjE5NzAyMDY0","avatar_url":"https://avatars.githubusercontent.com/u/19702064?v=4","gravatar_id":"","url":"https://api.github.com/users/mhannan-dev","html_url":"https://github.com/mhannan-dev","followers_url":"https://api.github.com/users/mhannan-dev/followers","following_url":"https://api.github.com/users/mhannan-dev/following{/other_user}","gists_url":"https://api.github.com/users/mhannan-dev/gists{/gist_id}","starred_url":"https://api.github.com/users/mhannan-dev/starred{/owner}{/repo}","subscriptions_url":"https://api.github.com/users/mhannan-dev/subscriptions","organizations_url":"https://api.github.com/users/mhannan-dev/orgs","repos_url":"https://api.github.com/users/mhannan-dev/repos","events_url":"https://api.github.com/users/mhannan-dev/events{/privacy}","received_events_url":"https://api.github.com/users/mhannan-dev/received_events","type":"User","site_admin":false,"name":"Muhammad Hannan","company":"Arobil Ltd","blog":"","location":"Dhaka","email":"mdhannan.info@gmail.com","hireable":true,"bio":"Web Developer at PHP/Laravel and Vue JS","twitter_username":"mhannan44","public_repos":73,"public_gists":0,"followers":4,"following":14,"created_at":"2016-06-02T05:17:15Z","updated_at":"2022-01-30T03:36:10Z","private_gists":0,"total_private_repos":23,"owned_private_repos":23,"disk_usage":1767614,"collaborators":0,"two_factor_authentication":false,"plan":{"name":"free","space":976562499,"collaborators":0,"private_repos":10000}}
[info] 
[info] +  Success! Logged into GitHub as mhannan-dev 
[info] 
